{"/Users/luhan/courses/react-test-study/enzyme-test/src/CarouselSlide.js": {"path":"/Users/luhan/courses/react-test-study/enzyme-test/src/CarouselSlide.js","statementMap":{"0":{"start":{"line":3,"column":22},"end":{"line":8,"column":1}},"1":{"start":{"line":4,"column":2},"end":{"line":7,"column":11}}},"fnMap":{"0":{"name":"(anonymous_0)","decl":{"start":{"line":3,"column":22},"end":{"line":3,"column":23}},"loc":{"start":{"line":4,"column":2},"end":{"line":7,"column":11}},"line":4}},"branchMap":{},"s":{"0":1,"1":2},"f":{"0":2},"b":{},"_coverageSchema":"332fd63041d2c1bcb487cc26dd0d5f7d97098a6c","hash":"6f0984fbb2850c5e4bcc4c13039ca9f63badc81b"}
,"/Users/luhan/courses/react-test-study/enzyme-test/src/carouselButton.js": {"path":"/Users/luhan/courses/react-test-study/enzyme-test/src/carouselButton.js","statementMap":{"0":{"start":{"line":4,"column":23},"end":{"line":4,"column":55}},"1":{"start":{"line":4,"column":34},"end":{"line":4,"column":55}},"2":{"start":{"line":6,"column":0},"end":{"line":8,"column":2}}},"fnMap":{"0":{"name":"(anonymous_0)","decl":{"start":{"line":4,"column":23},"end":{"line":4,"column":24}},"loc":{"start":{"line":4,"column":34},"end":{"line":4,"column":55}},"line":4}},"branchMap":{},"s":{"0":1,"1":4,"2":1},"f":{"0":4},"b":{},"_coverageSchema":"332fd63041d2c1bcb487cc26dd0d5f7d97098a6c","hash":"5bf94cf00cd2817fac6595742e261a984cdcb262"}
,"/Users/luhan/courses/react-test-study/enzyme-test/src/tests/jestSetup.js": {"path":"/Users/luhan/courses/react-test-study/enzyme-test/src/tests/jestSetup.js","statementMap":{"0":{"start":{"line":4,"column":0},"end":{"line":4,"column":38}}},"fnMap":{},"branchMap":{},"s":{"0":3},"f":{},"b":{},"_coverageSchema":"332fd63041d2c1bcb487cc26dd0d5f7d97098a6c","hash":"64917092f5a26d7e787b0054beac6f6fceade1d2"}
}
